# JRE version: OpenJDK Runtime Environment (8.0_112-b06) (build 1.8.0_112-release-b06)
# Java VM: OpenJDK 64-Bit Server VM (25.112-b06 mixed mode bsd-amd64 compressed oops)
Heap:
 PSYoungGen      total 72192K, used 15454K [0x00000007a0000000, 0x00000007a5b80000, 0x00000007c0000000)
  eden space 61440K, 25% used [0x00000007a0000000,0x00000007a0f17a00,0x00000007a3c00000)
  from space 10752K, 0% used [0x00000007a4700000,0x00000007a4700000,0x00000007a5180000)
  to   space 11264K, 0% used [0x00000007a3c00000,0x00000007a3c00000,0x00000007a4700000)
 ParOldGen       total 95232K, used 14190K [0x0000000760000000, 0x0000000765d00000, 0x00000007a0000000)
  object space 95232K, 14% used [0x0000000760000000,0x0000000760ddb918,0x0000000765d00000)
 Metaspace       used 36026K, capacity 36678K, committed 36992K, reserved 1081344K
  class space    used 4801K, capacity 4967K, committed 4992K, reserved 1048576K
GC Heap History (10 events):
Event: 29.325 GC heap before
{Heap before GC invocations=8 (full 1):
 PSYoungGen      total 52224K, used 47435K [0x00000007a0000000, 0x00000007a3d80000, 0x00000007c0000000)
  eden space 42496K, 100% used [0x00000007a0000000,0x00000007a2980000,0x00000007a2980000)
  from space 9728K, 50% used [0x00000007a3400000,0x00000007a38d2cf0,0x00000007a3d80000)
  to   space 10240K, 0% used [0x00000007a2980000,0x00000007a2980000,0x00000007a3380000)
 ParOldGen       total 71680K, used 9688K [0x0000000760000000, 0x0000000764600000, 0x00000007a0000000)
  object space 71680K, 13% used [0x0000000760000000,0x0000000760976380,0x0000000764600000)
 Metaspace       used 28462K, capacity 28948K, committed 29184K, reserved 1075200K
  class space    used 3885K, capacity 3995K, committed 4096K, reserved 1048576K
Event: 29.347 GC heap after
Heap after GC invocations=8 (full 1):
 PSYoungGen      total 52736K, used 5722K [0x00000007a0000000, 0x00000007a4700000, 0x00000007c0000000)
  eden space 42496K, 0% used [0x00000007a0000000,0x00000007a0000000,0x00000007a2980000)
  from space 10240K, 55% used [0x00000007a2980000,0x00000007a2f16a30,0x00000007a3380000)
  to   space 9728K, 0% used [0x00000007a3d80000,0x00000007a3d80000,0x00000007a4700000)
 ParOldGen       total 71680K, used 9760K [0x0000000760000000, 0x0000000764600000, 0x00000007a0000000)
  object space 71680K, 13% used [0x0000000760000000,0x0000000760988390,0x0000000764600000)
 Metaspace       used 28462K, capacity 28948K, committed 29184K, reserved 1075200K
  class space    used 3885K, capacity 3995K, committed 4096K, reserved 1048576K
}
Event: 38.732 GC heap before
{Heap before GC invocations=9 (full 1):
 PSYoungGen      total 52736K, used 48166K [0x00000007a0000000, 0x00000007a4700000, 0x00000007c0000000)
  eden space 42496K, 99% used [0x00000007a0000000,0x00000007a2972de8,0x00000007a2980000)
  from space 10240K, 55% used [0x00000007a2980000,0x00000007a2f16a30,0x00000007a3380000)
  to   space 9728K, 0% used [0x00000007a3d80000,0x00000007a3d80000,0x00000007a4700000)
 ParOldGen       total 71680K, used 9760K [0x0000000760000000, 0x0000000764600000, 0x00000007a0000000)
  object space 71680K, 13% used [0x0000000760000000,0x0000000760988390,0x0000000764600000)
 Metaspace       used 29504K, capacity 30024K, committed 30336K, reserved 1075200K
  class space    used 4021K, capacity 4206K, committed 4224K, reserved 1048576K
Event: 38.763 GC heap after
Heap after GC invocations=9 (full 1):
 PSYoungGen      total 60928K, used 6215K [0x00000007a0000000, 0x00000007a4600000, 0x00000007c0000000)
  eden space 52224K, 0% used [0x00000007a0000000,0x00000007a0000000,0x00000007a3300000)
  from space 8704K, 71% used [0x00000007a3d80000,0x00000007a4391ea0,0x00000007a4600000)
  to   space 9728K, 0% used [0x00000007a3300000,0x00000007a3300000,0x00000007a3c80000)
 ParOldGen       total 71680K, used 9768K [0x0000000760000000, 0x0000000764600000, 0x00000007a0000000)
  object space 71680K, 13% used [0x0000000760000000,0x000000076098a390,0x0000000764600000)
 Metaspace       used 29504K, capacity 30024K, committed 30336K, reserved 1075200K
  class space    used 4021K, capacity 4206K, committed 4224K, reserved 1048576K
}
Event: 40.666 GC heap before
{Heap before GC invocations=10 (full 1):
 PSYoungGen      total 60928K, used 58439K [0x00000007a0000000, 0x00000007a4600000, 0x00000007c0000000)
  eden space 52224K, 100% used [0x00000007a0000000,0x00000007a3300000,0x00000007a3300000)
  from space 8704K, 71% used [0x00000007a3d80000,0x00000007a4391ea0,0x00000007a4600000)
  to   space 9728K, 0% used [0x00000007a3300000,0x00000007a3300000,0x00000007a3c80000)
 ParOldGen       total 71680K, used 9768K [0x0000000760000000, 0x0000000764600000, 0x00000007a0000000)
  object space 71680K, 13% used [0x0000000760000000,0x000000076098a390,0x0000000764600000)
 Metaspace       used 34199K, capacity 34868K, committed 35328K, reserved 1079296K
  class space    used 4564K, capacity 4760K, committed 4864K, reserved 1048576K
Event: 40.703 GC heap after
Heap after GC invocations=10 (full 1):
 PSYoungGen      total 61952K, used 9697K [0x00000007a0000000, 0x00000007a5180000, 0x00000007c0000000)
  eden space 52224K, 0% used [0x00000007a0000000,0x00000007a0000000,0x00000007a3300000)
  from space 9728K, 99% used [0x00000007a3300000,0x00000007a3c78488,0x00000007a3c80000)
  to   space 10752K, 0% used [0x00000007a4700000,0x00000007a4700000,0x00000007a5180000)
 ParOldGen       total 71680K, used 10402K [0x0000000760000000, 0x0000000764600000, 0x00000007a0000000)
  object space 71680K, 14% used [0x0000000760000000,0x0000000760a28940,0x0000000764600000)
 Metaspace       used 34199K, capacity 34868K, committed 35328K, reserved 1079296K
  class space    used 4564K, capacity 4760K, committed 4864K, reserved 1048576K
}
Event: 41.010 GC heap before
{Heap before GC invocations=11 (full 1):
 PSYoungGen      total 61952K, used 23630K [0x00000007a0000000, 0x00000007a5180000, 0x00000007c0000000)
  eden space 52224K, 26% used [0x00000007a0000000,0x00000007a0d9b4e0,0x00000007a3300000)
  from space 9728K, 99% used [0x00000007a3300000,0x00000007a3c78488,0x00000007a3c80000)
  to   space 10752K, 0% used [0x00000007a4700000,0x00000007a4700000,0x00000007a5180000)
 ParOldGen       total 71680K, used 10402K [0x0000000760000000, 0x0000000764600000, 0x00000007a0000000)
  object space 71680K, 14% used [0x0000000760000000,0x0000000760a28940,0x0000000764600000)
 Metaspace       used 34740K, capacity 35328K, committed 35496K, reserved 1079296K
  class space    used 4653K, capacity 4826K, committed 4864K, reserved 1048576K
Event: 41.044 GC heap after
Heap after GC invocations=11 (full 1):
 PSYoungGen      total 72192K, used 7893K [0x00000007a0000000, 0x00000007a5b80000, 0x00000007c0000000)
  eden space 61440K, 0% used [0x00000007a0000000,0x00000007a0000000,0x00000007a3c00000)
  from space 10752K, 73% used [0x00000007a4700000,0x00000007a4eb5768,0x00000007a5180000)
  to   space 11264K, 0% used [0x00000007a3c00000,0x00000007a3c00000,0x00000007a4700000)
 ParOldGen       total 71680K, used 10410K [0x0000000760000000, 0x0000000764600000, 0x00000007a0000000)
  object space 71680K, 14% used [0x0000000760000000,0x0000000760a2a940,0x0000000764600000)
 Metaspace       used 34740K, capacity 35328K, committed 35496K, reserved 1079296K
  class space    used 4653K, capacity 4826K, committed 4864K, reserved 1048576K
}
Event: 41.044 GC heap before
{Heap before GC invocations=12 (full 2):
 PSYoungGen      total 72192K, used 7893K [0x00000007a0000000, 0x00000007a5b80000, 0x00000007c0000000)
  eden space 61440K, 0% used [0x00000007a0000000,0x00000007a0000000,0x00000007a3c00000)
  from space 10752K, 73% used [0x00000007a4700000,0x00000007a4eb5768,0x00000007a5180000)
  to   space 11264K, 0% used [0x00000007a3c00000,0x00000007a3c00000,0x00000007a4700000)
 ParOldGen       total 71680K, used 10410K [0x0000000760000000, 0x0000000764600000, 0x00000007a0000000)
  object space 71680K, 14% used [0x0000000760000000,0x0000000760a2a940,0x0000000764600000)
 Metaspace       used 34740K, capacity 35328K, committed 35496K, reserved 1079296K
  class space    used 4653K, capacity 4826K, committed 4864K, reserved 1048576K
Event: 41.321 GC heap after
Heap after GC invocations=12 (full 2):
 PSYoungGen      total 72192K, used 0K [0x00000007a0000000, 0x00000007a5b80000, 0x00000007c0000000)
  eden space 61440K, 0% used [0x00000007a0000000,0x00000007a0000000,0x00000007a3c00000)
  from space 10752K, 0% used [0x00000007a4700000,0x00000007a4700000,0x00000007a5180000)
  to   space 11264K, 0% used [0x00000007a3c00000,0x00000007a3c00000,0x00000007a4700000)
 ParOldGen       total 95232K, used 14190K [0x0000000760000000, 0x0000000765d00000, 0x00000007a0000000)
  object space 95232K, 14% used [0x0000000760000000,0x0000000760ddb918,0x0000000765d00000)
 Metaspace       used 34740K, capacity 35328K, committed 35496K, reserved 1079296K
  class space    used 4653K, capacity 4826K, committed 4864K, reserved 1048576K
}

